<?xml version="1.0" encoding="UTF-8"?>
<!-- Generated by org.testng.reporters.JUnitReportReporter -->
<testsuite hostname="DESKTOP-UNI5N3E" failures="0" tests="4" name="api.test.UsersTests2" time="10.653" errors="0" timestamp="2024-11-07T14:35:20 IST" skipped="0">
  <testcase classname="api.test.UsersTests2" name="testPostUser" time="5.960"/>
  <testcase classname="api.test.UsersTests2" name="testGetUserbyName" time="1.230"/>
  <testcase classname="api.test.UsersTests2" name="testUpdateUserByName" time="2.311"/>
  <testcase classname="api.test.UsersTests2" name="testDeleteUserByName" time="1.152"/>
</testsuite> <!-- api.test.UsersTests2 -->
