<?xml version="1.0" encoding="UTF-8"?>
<!-- Generated by org.testng.reporters.JUnitReportReporter -->
<testsuite hostname="DESKTOP-UNI5N3E" failures="0" tests="4" name="api.test.UsersTests" time="10.745" errors="0" timestamp="2024-11-09T23:28:30 IST" skipped="0">
  <testcase classname="api.test.UsersTests" name="testPostUser" time="5.502"/>
  <testcase classname="api.test.UsersTests" name="testGetUserbyName" time="1.305"/>
  <testcase classname="api.test.UsersTests" name="testUpdateUserByName" time="2.746"/>
  <testcase classname="api.test.UsersTests" name="testDeleteUserByName" time="1.192"/>
</testsuite> <!-- api.test.UsersTests -->
